<component name="libraryTable">
  <library name="junit-4.13.2">
    <CLASSES>
      <root url="jar://$USER_HOME$/.fcc/junit-4.13.2.jar!/" />
    </CLASSES>
    <JAVADOC>
      <root url="jar://$USER_HOME$/.fcc/junit-4.13.2-javadoc.jar!/" />
    </JAVADOC>
    <SOURCES />
  </library>
</component>